<?xml version="1.0" encoding="UTF-8"?>
<!-- Generated by org.testng.reporters.JUnitReportReporter -->
<testsuite hostname="nehad" failures="0" tests="7" name="testng.program1" time="0.007" errors="0" timestamp="2022-11-08T21:07:22 IST" skipped="0">
  <testcase classname="testng.program1" name="opening_browser" time="0.005"/>
  <system-out/>
  <testcase classname="testng.program1" name="customerdetails" time="0.000"/>
  <system-out/>
  <testcase classname="testng.program1" name="productdetails" time="0.000"/>
  <system-out/>
  <testcase classname="testng.program1" name="deliveryaddress" time="0.001"/>
  <system-out/>
  <testcase classname="testng.program1" name="paymentdetails" time="0.001"/>
  <system-out/>
  <testcase classname="testng.program1" name="feedbackprocess" time="0.000"/>
  <system-out/>
  <testcase classname="testng.program1" name="logoff" time="0.000"/>
  <system-out/>
</testsuite> <!-- testng.program1 -->
