<?xml version="1.0" encoding="UTF-8"?>
<!-- Generated by org.testng.reporters.JUnitReportReporter -->
<testsuite hostname="nehad" failures="0" tests="1" name="package1.New1" time="0.003" errors="0" timestamp="2022-11-08T21:08:16 IST" skipped="0">
  <testcase classname="package1.New1" name="operation" time="0.003"/>
  <system-out/>
</testsuite> <!-- package1.New1 -->
