<?xml version="1.0" encoding="UTF-8"?>
<!-- Generated by org.testng.reporters.JUnitReportReporter -->
<testsuite hostname="nehad" failures="0" tests="4" name="amazonpage.class2" time="0.708" errors="0" timestamp="2022-11-08T21:03:47 IST" skipped="0">
  <testcase classname="amazonpage.class2" name="title" time="0.003"/>
  <system-out/>
  <testcase classname="amazonpage.class2" name="url" time="0.014"/>
  <system-out/>
  <testcase classname="amazonpage.class2" name="dropdown" time="0.305"/>
  <system-out/>
  <testcase classname="amazonpage.class2" name="screenshot" time="0.386"/>
  <system-out/>
</testsuite> <!-- amazonpage.class2 -->
