<?xml version="1.0" encoding="UTF-8"?>
<!-- Generated by org.testng.reporters.JUnitReportReporter -->
<testsuite hostname="nehad" failures="0" tests="1" name="package1.New" time="0.005" errors="0" timestamp="2022-11-08T21:08:02 IST" skipped="0">
  <testcase classname="package1.New" name="operation" time="0.005"/>
  <system-out/>
</testsuite> <!-- package1.New -->
