<?xml version="1.0" encoding="UTF-8"?>
<!-- Generated by org.testng.reporters.JUnitReportReporter -->
<testsuite hostname="nehad" failures="0" tests="1" name="amazonpage.class1" time="0.004" errors="0" timestamp="2022-11-08T11:35:10 IST" skipped="0">
  <testcase classname="amazonpage.class1" name="title" time="0.004"/>
  <system-out/>
</testsuite> <!-- amazonpage.class1 -->
