<?xml version="1.0" encoding="UTF-8"?>
<!-- Generated by org.testng.reporters.JUnitReportReporter -->
<testsuite hostname="nehad" failures="0" tests="4" name="amazonpage.class3" time="0.844" errors="0" timestamp="2022-11-14T14:32:45 IST" skipped="0">
  <testcase classname="amazonpage.class3" name="title" time="0.004"/>
  <system-out/>
  <testcase classname="amazonpage.class3" name="url" time="0.041"/>
  <system-out/>
  <testcase classname="amazonpage.class3" name="dropdown" time="0.356"/>
  <system-out/>
  <testcase classname="amazonpage.class3" name="screenshot" time="0.443"/>
  <system-out/>
</testsuite> <!-- amazonpage.class3 -->
