<?xml version="1.0" encoding="UTF-8"?>
<!-- Generated by org.testng.reporters.JUnitReportReporter -->
<testsuite hostname="nehad" failures="0" tests="7" name="multipleclasses.class3" time="0.006" errors="0" timestamp="2022-11-08T21:05:45 IST" skipped="0">
  <testcase classname="multipleclasses.class3" name="welcome" time="0.004"/>
  <system-out/>
  <testcase classname="multipleclasses.class3" name="customerdetails" time="0.001"/>
  <system-out/>
  <testcase classname="multipleclasses.class3" name="productdetails" time="0.001"/>
  <system-out/>
  <testcase classname="multipleclasses.class3" name="paymentdetails" time="0.000"/>
  <system-out/>
  <testcase classname="multipleclasses.class3" name="deliveryaddress" time="0.000"/>
  <system-out/>
  <testcase classname="multipleclasses.class3" name="feedbackprocess" time="0.000"/>
  <system-out/>
  <testcase classname="multipleclasses.class3" name="close" time="0.000"/>
  <system-out/>
</testsuite> <!-- multipleclasses.class3 -->
