<?xml version="1.0" encoding="UTF-8"?>
<!-- Generated by org.testng.reporters.JUnitReportReporter -->
<testsuite hostname="nehad" failures="0" tests="3" name="package1.program2" time="0.492" errors="0" timestamp="2022-11-08T21:10:33 IST" skipped="0">
  <testcase classname="package1.program2" name="getTitle" time="0.028"/>
  <system-out/>
  <testcase classname="package1.program2" name="getCurrentUrl" time="0.005"/>
  <system-out/>
  <testcase classname="package1.program2" name="Screenshot" time="0.459"/>
  <system-out/>
</testsuite> <!-- package1.program2 -->
