<?xml version="1.0" encoding="UTF-8"?>
<!-- Generated by org.testng.reporters.JUnitReportReporter -->
<testsuite hostname="nehad" failures="0" tests="3" name="multipleclasses.class1" time="0.008" errors="0" timestamp="2022-11-08T11:21:56 IST" skipped="0">
  <testcase classname="multipleclasses.class1" name="welcome" time="0.006"/>
  <system-out/>
  <testcase classname="multipleclasses.class1" name="customerdetails" time="0.001"/>
  <system-out/>
  <testcase classname="multipleclasses.class1" name="productdetails" time="0.001"/>
  <system-out/>
</testsuite> <!-- multipleclasses.class1 -->
